Add: "bra" -> #P"/home/ehm/math/Maxima/share/ehm/qm-maxima/docs/qm_html/index.html" "index-bra"
Add: "braket" -> #P"/home/ehm/math/Maxima/share/ehm/qm-maxima/docs/qm_html/index.html" "index-braket"
Add: "braketprod" -> #P"/home/ehm/math/Maxima/share/ehm/qm-maxima/docs/qm_html/index.html" "index-braketprod"
Add: "brap" -> #P"/home/ehm/math/Maxima/share/ehm/qm-maxima/docs/qm_html/index.html" "index-brap"
Add: "braprod" -> #P"/home/ehm/math/Maxima/share/ehm/qm-maxima/docs/qm_html/index.html" "index-braprod"
Add: "commutator" -> #P"/home/ehm/math/Maxima/share/ehm/qm-maxima/docs/qm_html/index.html" "index-commutator"
Add: "dagger" -> #P"/home/ehm/math/Maxima/share/ehm/qm-maxima/docs/qm_html/index.html" "index-dagger"
Add: "expect" -> #P"/home/ehm/math/Maxima/share/ehm/qm-maxima/docs/qm_html/index.html" "index-expect"
Add: "jm_bra" -> #P"/home/ehm/math/Maxima/share/ehm/qm-maxima/docs/qm_html/index.html" "index-jm_005fbra"
Add: "jm_braket" -> #P"/home/ehm/math/Maxima/share/ehm/qm-maxima/docs/qm_html/index.html" "index-jm_005fbraket"
Add: "jm_brap" -> #P"/home/ehm/math/Maxima/share/ehm/qm-maxima/docs/qm_html/index.html" "index-jm_005fbrap"
Add: "jm_check" -> #P"/home/ehm/math/Maxima/share/ehm/qm-maxima/docs/qm_html/index.html" "index-jm_005fcheck"
Add: "jm_ket" -> #P"/home/ehm/math/Maxima/share/ehm/qm-maxima/docs/qm_html/index.html" "index-jm_005fket"
Add: "jm_ketp" -> #P"/home/ehm/math/Maxima/share/ehm/qm-maxima/docs/qm_html/index.html" "index-jm_005fketp"
Add: "ket" -> #P"/home/ehm/math/Maxima/share/ehm/qm-maxima/docs/qm_html/index.html" "index-ket"
Add: "ketp" -> #P"/home/ehm/math/Maxima/share/ehm/qm-maxima/docs/qm_html/index.html" "index-ketp"
Add: "ketprod" -> #P"/home/ehm/math/Maxima/share/ehm/qm-maxima/docs/qm_html/index.html" "index-ketprod"
Add: "magsqr" -> #P"/home/ehm/math/Maxima/share/ehm/qm-maxima/docs/qm_html/index.html" "index-magsqr"
Add: "norm" -> #P"/home/ehm/math/Maxima/share/ehm/qm-maxima/docs/qm_html/index.html" "index-norm"
Add: "qm_variance" -> #P"/home/ehm/math/Maxima/share/ehm/qm-maxima/docs/qm_html/index.html" "index-qm_005fvariance"
Add: "RX" -> #P"/home/ehm/math/Maxima/share/ehm/qm-maxima/docs/qm_html/index.html" "index-RX"
Add: "RY" -> #P"/home/ehm/math/Maxima/share/ehm/qm-maxima/docs/qm_html/index.html" "index-RY"
Add: "RZ" -> #P"/home/ehm/math/Maxima/share/ehm/qm-maxima/docs/qm_html/index.html" "index-RZ"
Add: "sigmax" -> #P"/home/ehm/math/Maxima/share/ehm/qm-maxima/docs/qm_html/index.html" "index-sigmax"
Add: "sigmay" -> #P"/home/ehm/math/Maxima/share/ehm/qm-maxima/docs/qm_html/index.html" "index-sigmay"
Add: "sigmaz" -> #P"/home/ehm/math/Maxima/share/ehm/qm-maxima/docs/qm_html/index.html" "index-sigmaz"
Add: "SM" -> #P"/home/ehm/math/Maxima/share/ehm/qm-maxima/docs/qm_html/index.html" "index-SM"
Add: "SP" -> #P"/home/ehm/math/Maxima/share/ehm/qm-maxima/docs/qm_html/index.html" "index-SP"
Add: "Sx" -> #P"/home/ehm/math/Maxima/share/ehm/qm-maxima/docs/qm_html/index.html" "index-Sx"
Add: "SX" -> #P"/home/ehm/math/Maxima/share/ehm/qm-maxima/docs/qm_html/index.html" "index-SX"
Add: "Sy" -> #P"/home/ehm/math/Maxima/share/ehm/qm-maxima/docs/qm_html/index.html" "index-Sy"
Add: "SY" -> #P"/home/ehm/math/Maxima/share/ehm/qm-maxima/docs/qm_html/index.html" "index-SY"
Add: "Sz" -> #P"/home/ehm/math/Maxima/share/ehm/qm-maxima/docs/qm_html/index.html" "index-Sz"
Add: "SZ" -> #P"/home/ehm/math/Maxima/share/ehm/qm-maxima/docs/qm_html/index.html" "index-SZ"
Add: "UU" -> #P"/home/ehm/math/Maxima/share/ehm/qm-maxima/docs/qm_html/index.html" "index-UU"
Add: "xm" -> #P"/home/ehm/math/Maxima/share/ehm/qm-maxima/docs/qm_html/index.html" "index-xm"
Add: "xp" -> #P"/home/ehm/math/Maxima/share/ehm/qm-maxima/docs/qm_html/index.html" "index-xp"
Add: "ym" -> #P"/home/ehm/math/Maxima/share/ehm/qm-maxima/docs/qm_html/index.html" "index-ym"
Add: "yp" -> #P"/home/ehm/math/Maxima/share/ehm/qm-maxima/docs/qm_html/index.html" "index-yp"
Add: "zm" -> #P"/home/ehm/math/Maxima/share/ehm/qm-maxima/docs/qm_html/index.html" "index-zm"
Add: "zp" -> #P"/home/ehm/math/Maxima/share/ehm/qm-maxima/docs/qm_html/index.html" "index-zp"
Add: "hbar" -> #P"/home/ehm/math/Maxima/share/ehm/qm-maxima/docs/qm_html/index.html" "index-hbar"
